Analysis & Synthesis report for DE2_Default
Fri Jan 06 23:31:33 2023
Quartus II 64-Bit Version 13.0.1 Build 232 06/12/2013 Service Pack 1 SJ Web Edition


---------------------
; Table of Contents ;
---------------------
  1. Legal Notice
  2. Analysis & Synthesis Summary
  3. Analysis & Synthesis Settings
  4. Parallel Compilation
  5. Analysis & Synthesis Source Files Read
  6. Analysis & Synthesis Resource Usage Summary
  7. Analysis & Synthesis Resource Utilization by Entity
  8. State Machine - |DE2_Default|LCD_TEST:u5|mLCD_ST
  9. State Machine - |DE2_Default|LCD_TEST:u5|LCD_Controller:u0|ST
 10. Registers Removed During Synthesis
 11. General Register Statistics
 12. Multiplexer Restructuring Statistics (Restructuring Performed)
 13. Parameter Settings for User Entity Instance: LCD_TEST:u5
 14. Parameter Settings for User Entity Instance: LCD_TEST:u5|LCD_Controller:u0
 15. Elapsed Time Per Partition
 16. Analysis & Synthesis Messages



----------------
; Legal Notice ;
----------------
Copyright (C) 1991-2013 Altera Corporation
Your use of Altera Corporation's design tools, logic functions 
and other software and tools, and its AMPP partner logic 
functions, and any output files from any of the foregoing 
(including device programming or simulation files), and any 
associated documentation or information are expressly subject 
to the terms and conditions of the Altera Program License 
Subscription Agreement, Altera MegaCore Function License 
Agreement, or other applicable license agreement, including, 
without limitation, that your use is for the sole purpose of 
programming logic devices manufactured by Altera and sold by 
Altera or its authorized distributors.  Please refer to the 
applicable agreement for further details.



+--------------------------------------------------------------------------------------+
; Analysis & Synthesis Summary                                                         ;
+------------------------------------+-------------------------------------------------+
; Analysis & Synthesis Status        ; Successful - Fri Jan 06 23:31:33 2023           ;
; Quartus II 64-Bit Version          ; 13.0.1 Build 232 06/12/2013 SP 1 SJ Web Edition ;
; Revision Name                      ; DE2_Default                                     ;
; Top-level Entity Name              ; DE2_Default                                     ;
; Family                             ; Cyclone II                                      ;
; Total logic elements               ; 195                                             ;
;     Total combinational functions  ; 194                                             ;
;     Dedicated logic registers      ; 104                                             ;
; Total registers                    ; 104                                             ;
; Total pins                         ; 119                                             ;
; Total virtual pins                 ; 0                                               ;
; Total memory bits                  ; 0                                               ;
; Embedded Multiplier 9-bit elements ; 0                                               ;
; Total PLLs                         ; 0                                               ;
+------------------------------------+-------------------------------------------------+


+----------------------------------------------------------------------------------------------------------------------+
; Analysis & Synthesis Settings                                                                                        ;
+----------------------------------------------------------------------------+--------------------+--------------------+
; Option                                                                     ; Setting            ; Default Value      ;
+----------------------------------------------------------------------------+--------------------+--------------------+
; Device                                                                     ; EP2C35F672C6       ;                    ;
; Top-level entity name                                                      ; DE2_Default        ; DE2_Default        ;
; Family name                                                                ; Cyclone II         ; Stratix            ;
; Optimization Technique                                                     ; Speed              ; Balanced           ;
; Use smart compilation                                                      ; Off                ; Off                ;
; Maximum processors allowed for parallel compilation                        ; 1                  ; 1                  ;
; Enable parallel Assembler and TimeQuest Timing Analyzer during compilation ; On                 ; On                 ;
; Enable compact report table                                                ; Off                ; Off                ;
; Restructure Multiplexers                                                   ; Auto               ; Auto               ;
; Create Debugging Nodes for IP Cores                                        ; Off                ; Off                ;
; Preserve fewer node names                                                  ; On                 ; On                 ;
; Disable OpenCore Plus hardware evaluation                                  ; Off                ; Off                ;
; Verilog Version                                                            ; Verilog_2001       ; Verilog_2001       ;
; VHDL Version                                                               ; VHDL_1993          ; VHDL_1993          ;
; State Machine Processing                                                   ; Auto               ; Auto               ;
; Safe State Machine                                                         ; Off                ; Off                ;
; Extract Verilog State Machines                                             ; On                 ; On                 ;
; Extract VHDL State Machines                                                ; On                 ; On                 ;
; Ignore Verilog initial constructs                                          ; Off                ; Off                ;
; Iteration limit for constant Verilog loops                                 ; 5000               ; 5000               ;
; Iteration limit for non-constant Verilog loops                             ; 250                ; 250                ;
; Add Pass-Through Logic to Inferred RAMs                                    ; On                 ; On                 ;
; Infer RAMs from Raw Logic                                                  ; On                 ; On                 ;
; Parallel Synthesis                                                         ; On                 ; On                 ;
; DSP Block Balancing                                                        ; Auto               ; Auto               ;
; NOT Gate Push-Back                                                         ; On                 ; On                 ;
; Power-Up Don't Care                                                        ; On                 ; On                 ;
; Remove Redundant Logic Cells                                               ; Off                ; Off                ;
; Remove Duplicate Registers                                                 ; On                 ; On                 ;
; Ignore CARRY Buffers                                                       ; Off                ; Off                ;
; Ignore CASCADE Buffers                                                     ; Off                ; Off                ;
; Ignore GLOBAL Buffers                                                      ; Off                ; Off                ;
; Ignore ROW GLOBAL Buffers                                                  ; Off                ; Off                ;
; Ignore LCELL Buffers                                                       ; Off                ; Off                ;
; Ignore SOFT Buffers                                                        ; On                 ; On                 ;
; Limit AHDL Integers to 32 Bits                                             ; Off                ; Off                ;
; Carry Chain Length                                                         ; 70                 ; 70                 ;
; Auto Carry Chains                                                          ; On                 ; On                 ;
; Auto Open-Drain Pins                                                       ; On                 ; On                 ;
; Perform WYSIWYG Primitive Resynthesis                                      ; Off                ; Off                ;
; Auto ROM Replacement                                                       ; On                 ; On                 ;
; Auto RAM Replacement                                                       ; On                 ; On                 ;
; Auto Shift Register Replacement                                            ; Auto               ; Auto               ;
; Allow Shift Register Merging across Hierarchies                            ; Auto               ; Auto               ;
; Auto Clock Enable Replacement                                              ; On                 ; On                 ;
; Strict RAM Replacement                                                     ; Off                ; Off                ;
; Allow Synchronous Control Signals                                          ; On                 ; On                 ;
; Force Use of Synchronous Clear Signals                                     ; Off                ; Off                ;
; Auto RAM to Logic Cell Conversion                                          ; Off                ; Off                ;
; Auto Resource Sharing                                                      ; Off                ; Off                ;
; Allow Any RAM Size For Recognition                                         ; Off                ; Off                ;
; Allow Any ROM Size For Recognition                                         ; Off                ; Off                ;
; Allow Any Shift Register Size For Recognition                              ; Off                ; Off                ;
; Use LogicLock Constraints during Resource Balancing                        ; On                 ; On                 ;
; Ignore translate_off and synthesis_off directives                          ; Off                ; Off                ;
; Timing-Driven Synthesis                                                    ; Off                ; Off                ;
; Report Parameter Settings                                                  ; On                 ; On                 ;
; Report Source Assignments                                                  ; On                 ; On                 ;
; Report Connectivity Checks                                                 ; On                 ; On                 ;
; Ignore Maximum Fan-Out Assignments                                         ; Off                ; Off                ;
; Synchronization Register Chain Length                                      ; 2                  ; 2                  ;
; PowerPlay Power Optimization                                               ; Normal compilation ; Normal compilation ;
; HDL message level                                                          ; Level2             ; Level2             ;
; Suppress Register Optimization Related Messages                            ; Off                ; Off                ;
; Number of Removed Registers Reported in Synthesis Report                   ; 100                ; 100                ;
; Number of Swept Nodes Reported in Synthesis Report                         ; 5000               ; 5000               ;
; Number of Inverted Registers Reported in Synthesis Report                  ; 100                ; 100                ;
; Clock MUX Protection                                                       ; On                 ; On                 ;
; Auto Gated Clock Conversion                                                ; Off                ; Off                ;
; Block Design Naming                                                        ; Auto               ; Auto               ;
; SDC constraint protection                                                  ; Off                ; Off                ;
; Synthesis Effort                                                           ; Auto               ; Auto               ;
; Shift Register Replacement - Allow Asynchronous Clear Signal               ; On                 ; On                 ;
; Pre-Mapping Resynthesis Optimization                                       ; Off                ; Off                ;
; Analysis & Synthesis Message Level                                         ; Medium             ; Medium             ;
; Disable Register Merging Across Hierarchies                                ; Auto               ; Auto               ;
; Resource Aware Inference For Block RAM                                     ; On                 ; On                 ;
; Synthesis Seed                                                             ; 1                  ; 1                  ;
+----------------------------------------------------------------------------+--------------------+--------------------+


Parallel compilation was disabled, but you have multiple processors available. Enable parallel compilation to reduce compilation time.
+-------------------------------------+
; Parallel Compilation                ;
+----------------------------+--------+
; Processors                 ; Number ;
+----------------------------+--------+
; Number detected on machine ; 8      ;
; Maximum allowed            ; 1      ;
+----------------------------+--------+


+----------------------------------------------------------------------------------------------------------------------------------------------------------------------------+
; Analysis & Synthesis Source Files Read                                                                                                                                     ;
+----------------------------------+-----------------+------------------------+------------------------------------------------------------------------------------+---------+
; File Name with User-Entered Path ; Used in Netlist ; File Type              ; File Name with Absolute Path                                                       ; Library ;
+----------------------------------+-----------------+------------------------+------------------------------------------------------------------------------------+---------+
; DE2_Default.v                    ; yes             ; User Verilog HDL File  ; C:/Users/Stratos/Documents/0_Projects/PB170/main_proj/DE2_Default/DE2_Default.v    ;         ;
; LCD_Controller.v                 ; yes             ; User Verilog HDL File  ; C:/Users/Stratos/Documents/0_Projects/PB170/main_proj/DE2_Default/LCD_Controller.v ;         ;
; LCD_TEST.v                       ; yes             ; User Verilog HDL File  ; C:/Users/Stratos/Documents/0_Projects/PB170/main_proj/DE2_Default/LCD_TEST.v       ;         ;
; Reset_Delay.v                    ; yes             ; User Verilog HDL File  ; C:/Users/Stratos/Documents/0_Projects/PB170/main_proj/DE2_Default/Reset_Delay.v    ;         ;
; SEG7_LUT.v                       ; yes             ; User Verilog HDL File  ; C:/Users/Stratos/Documents/0_Projects/PB170/main_proj/DE2_Default/SEG7_LUT.v       ;         ;
; SEG7_LUT_8.v                     ; yes             ; User Verilog HDL File  ; C:/Users/Stratos/Documents/0_Projects/PB170/main_proj/DE2_Default/SEG7_LUT_8.v     ;         ;
+----------------------------------+-----------------+------------------------+------------------------------------------------------------------------------------+---------+


+--------------------------------------------------------+
; Analysis & Synthesis Resource Usage Summary            ;
+---------------------------------------------+----------+
; Resource                                    ; Usage    ;
+---------------------------------------------+----------+
; Estimated Total logic elements              ; 195      ;
;                                             ;          ;
; Total combinational functions               ; 194      ;
; Logic element usage by number of LUT inputs ;          ;
;     -- 4 input functions                    ; 66       ;
;     -- 3 input functions                    ; 13       ;
;     -- <=2 input functions                  ; 115      ;
;                                             ;          ;
; Logic elements by mode                      ;          ;
;     -- normal mode                          ; 121      ;
;     -- arithmetic mode                      ; 73       ;
;                                             ;          ;
; Total registers                             ; 104      ;
;     -- Dedicated logic registers            ; 104      ;
;     -- I/O registers                        ; 0        ;
;                                             ;          ;
; I/O pins                                    ; 119      ;
; Embedded Multiplier 9-bit elements          ; 0        ;
; Maximum fan-out node                        ; CLOCK_50 ;
; Maximum fan-out                             ; 104      ;
; Total fan-out                               ; 990      ;
; Average fan-out                             ; 2.37     ;
+---------------------------------------------+----------+


+----------------------------------------------------------------------------------------------------------------------------------------------------------------------------------------------------+
; Analysis & Synthesis Resource Utilization by Entity                                                                                                                                                ;
+----------------------------+-------------------+--------------+-------------+--------------+---------+-----------+------+--------------+--------------------------------------------+--------------+
; Compilation Hierarchy Node ; LC Combinationals ; LC Registers ; Memory Bits ; DSP Elements ; DSP 9x9 ; DSP 18x18 ; Pins ; Virtual Pins ; Full Hierarchy Name                        ; Library Name ;
+----------------------------+-------------------+--------------+-------------+--------------+---------+-----------+------+--------------+--------------------------------------------+--------------+
; |DE2_Default               ; 194 (50)          ; 104 (32)     ; 0           ; 0            ; 0       ; 0         ; 119  ; 0            ; |DE2_Default                               ; work         ;
;    |LCD_TEST:u5|           ; 101 (80)          ; 51 (38)      ; 0           ; 0            ; 0       ; 0         ; 0    ; 0            ; |DE2_Default|LCD_TEST:u5                   ; work         ;
;       |LCD_Controller:u0|  ; 21 (21)           ; 13 (13)      ; 0           ; 0            ; 0       ; 0         ; 0    ; 0            ; |DE2_Default|LCD_TEST:u5|LCD_Controller:u0 ; work         ;
;    |Reset_Delay:r0|        ; 29 (29)           ; 21 (21)      ; 0           ; 0            ; 0       ; 0         ; 0    ; 0            ; |DE2_Default|Reset_Delay:r0                ; work         ;
;    |SEG7_LUT_8:u0|         ; 14 (0)            ; 0 (0)        ; 0           ; 0            ; 0       ; 0         ; 0    ; 0            ; |DE2_Default|SEG7_LUT_8:u0                 ; work         ;
;       |SEG7_LUT:u0|        ; 14 (14)           ; 0 (0)        ; 0           ; 0            ; 0       ; 0         ; 0    ; 0            ; |DE2_Default|SEG7_LUT_8:u0|SEG7_LUT:u0     ; work         ;
+----------------------------+-------------------+--------------+-------------+--------------+---------+-----------+------+--------------+--------------------------------------------+--------------+
Note: For table entries with two numbers listed, the numbers in parentheses indicate the number of resources of the given type used by the specific entity alone. The numbers listed outside of parentheses indicate the total resources of the given type used by the specific entity and all of its sub-entities in the hierarchy.


Encoding Type:  One-Hot
+------------------------------------------------------------------------------------+
; State Machine - |DE2_Default|LCD_TEST:u5|mLCD_ST                                   ;
+----------------+----------------+----------------+----------------+----------------+
; Name           ; mLCD_ST.000011 ; mLCD_ST.000010 ; mLCD_ST.000001 ; mLCD_ST.000000 ;
+----------------+----------------+----------------+----------------+----------------+
; mLCD_ST.000000 ; 0              ; 0              ; 0              ; 0              ;
; mLCD_ST.000001 ; 0              ; 0              ; 1              ; 1              ;
; mLCD_ST.000010 ; 0              ; 1              ; 0              ; 1              ;
; mLCD_ST.000011 ; 1              ; 0              ; 0              ; 1              ;
+----------------+----------------+----------------+----------------+----------------+


Encoding Type:  One-Hot
+---------------------------------------------------------------+
; State Machine - |DE2_Default|LCD_TEST:u5|LCD_Controller:u0|ST ;
+-------+-------+-------+-------+-------------------------------+
; Name  ; ST.11 ; ST.10 ; ST.01 ; ST.00                         ;
+-------+-------+-------+-------+-------------------------------+
; ST.00 ; 0     ; 0     ; 0     ; 0                             ;
; ST.01 ; 0     ; 0     ; 1     ; 1                             ;
; ST.10 ; 0     ; 1     ; 0     ; 1                             ;
; ST.11 ; 1     ; 0     ; 0     ; 1                             ;
+-------+-------+-------+-------+-------------------------------+


+------------------------------------------------------------+
; Registers Removed During Synthesis                         ;
+---------------------------------------+--------------------+
; Register name                         ; Reason for Removal ;
+---------------------------------------+--------------------+
; LCD_TEST:u5|mLCD_ST~8                 ; Lost fanout        ;
; LCD_TEST:u5|mLCD_ST~9                 ; Lost fanout        ;
; LCD_TEST:u5|mLCD_ST~10                ; Lost fanout        ;
; LCD_TEST:u5|mLCD_ST~11                ; Lost fanout        ;
; LCD_TEST:u5|mLCD_ST~12                ; Lost fanout        ;
; LCD_TEST:u5|mLCD_ST~13                ; Lost fanout        ;
; LCD_TEST:u5|LCD_Controller:u0|ST~8    ; Lost fanout        ;
; LCD_TEST:u5|LCD_Controller:u0|ST~9    ; Lost fanout        ;
; Total Number of Removed Registers = 8 ;                    ;
+---------------------------------------+--------------------+


+------------------------------------------------------+
; General Register Statistics                          ;
+----------------------------------------------+-------+
; Statistic                                    ; Value ;
+----------------------------------------------+-------+
; Total registers                              ; 104   ;
; Number of registers using Synchronous Clear  ; 18    ;
; Number of registers using Synchronous Load   ; 0     ;
; Number of registers using Asynchronous Clear ; 83    ;
; Number of registers using Asynchronous Load  ; 0     ;
; Number of registers using Clock Enable       ; 65    ;
; Number of registers using Preset             ; 0     ;
+----------------------------------------------+-------+


+----------------------------------------------------------------------------------------------------------------------------------------------------------------+
; Multiplexer Restructuring Statistics (Restructuring Performed)                                                                                                 ;
+--------------------+-----------+---------------+----------------------+------------------------+------------+--------------------------------------------------+
; Multiplexer Inputs ; Bus Width ; Baseline Area ; Area if Restructured ; Saving if Restructured ; Registered ; Example Multiplexer Output                       ;
+--------------------+-----------+---------------+----------------------+------------------------+------------+--------------------------------------------------+
; 3:1                ; 2 bits    ; 4 LEs         ; 2 LEs                ; 2 LEs                  ; Yes        ; |DE2_Default|LCD_TEST:u5|LCD_Controller:u0|oDone ;
; 7:1                ; 2 bits    ; 8 LEs         ; 6 LEs                ; 2 LEs                  ; No         ; |DE2_Default|LCD_TEST:u5|mLCD_ST                 ;
+--------------------+-----------+---------------+----------------------+------------------------+------------+--------------------------------------------------+


+----------------------------------------------------------+
; Parameter Settings for User Entity Instance: LCD_TEST:u5 ;
+----------------+-------+---------------------------------+
; Parameter Name ; Value ; Type                            ;
+----------------+-------+---------------------------------+
; LCD_INTIAL     ; 0     ; Signed Integer                  ;
; LCD_LINE1      ; 5     ; Signed Integer                  ;
; LCD_CH_LINE    ; 21    ; Signed Integer                  ;
; LCD_LINE2      ; 22    ; Signed Integer                  ;
; LUT_SIZE       ; 38    ; Signed Integer                  ;
+----------------+-------+---------------------------------+
Note: In order to hide this table in the UI and the text report file, please set the "Show Parameter Settings in Synthesis Report" option in "Analysis and Synthesis Settings -> More Settings" to "Off".


+----------------------------------------------------------------------------+
; Parameter Settings for User Entity Instance: LCD_TEST:u5|LCD_Controller:u0 ;
+----------------+-------+---------------------------------------------------+
; Parameter Name ; Value ; Type                                              ;
+----------------+-------+---------------------------------------------------+
; CLK_Divide     ; 16    ; Signed Integer                                    ;
+----------------+-------+---------------------------------------------------+
Note: In order to hide this table in the UI and the text report file, please set the "Show Parameter Settings in Synthesis Report" option in "Analysis and Synthesis Settings -> More Settings" to "Off".


+-------------------------------+
; Elapsed Time Per Partition    ;
+----------------+--------------+
; Partition Name ; Elapsed Time ;
+----------------+--------------+
; Top            ; 00:00:00     ;
+----------------+--------------+


+-------------------------------+
; Analysis & Synthesis Messages ;
+-------------------------------+
Info: *******************************************************************
Info: Running Quartus II 64-Bit Analysis & Synthesis
    Info: Version 13.0.1 Build 232 06/12/2013 Service Pack 1 SJ Web Edition
    Info: Processing started: Fri Jan 06 23:31:31 2023
Info: Command: quartus_map --read_settings_files=on --write_settings_files=off DE2_Default -c DE2_Default
Warning (10238): Verilog Module Declaration warning at DE2_Default.v(28): ignored anonymous port(s) indicated by duplicate or dangling comma(s) in the port list for module "DE2_Default"
Info (12021): Found 1 design units, including 1 entities, in source file de2_default.v
    Info (12023): Found entity 1: DE2_Default
Info (12021): Found 1 design units, including 1 entities, in source file lcd_controller.v
    Info (12023): Found entity 1: LCD_Controller
Info (12021): Found 1 design units, including 1 entities, in source file lcd_test.v
    Info (12023): Found entity 1: LCD_TEST
Info (12021): Found 1 design units, including 1 entities, in source file reset_delay.v
    Info (12023): Found entity 1: Reset_Delay
Info (12021): Found 1 design units, including 1 entities, in source file seg7_lut.v
    Info (12023): Found entity 1: SEG7_LUT
Info (12021): Found 1 design units, including 1 entities, in source file seg7_lut_8.v
    Info (12023): Found entity 1: SEG7_LUT_8
Info (12127): Elaborating entity "DE2_Default" for the top level hierarchy
Info (12128): Elaborating entity "Reset_Delay" for hierarchy "Reset_Delay:r0"
Warning (10230): Verilog HDL assignment warning at Reset_Delay.v(10): truncated value with size 32 to match size of target (20)
Info (12128): Elaborating entity "SEG7_LUT_8" for hierarchy "SEG7_LUT_8:u0"
Info (12128): Elaborating entity "SEG7_LUT" for hierarchy "SEG7_LUT_8:u0|SEG7_LUT:u0"
Info (12128): Elaborating entity "LCD_TEST" for hierarchy "LCD_TEST:u5"
Warning (10230): Verilog HDL assignment warning at LCD_TEST.v(57): truncated value with size 32 to match size of target (18)
Warning (10230): Verilog HDL assignment warning at LCD_TEST.v(65): truncated value with size 32 to match size of target (6)
Info (12128): Elaborating entity "LCD_Controller" for hierarchy "LCD_TEST:u5|LCD_Controller:u0"
Warning (10230): Verilog HDL assignment warning at LCD_Controller.v(66): truncated value with size 32 to match size of target (5)
Warning (13034): The following nodes have both tri-state and non-tri-state drivers
    Warning (13035): Inserted always-enabled tri-state buffer between "LCD_DATA[0]" and its non-tri-state driver.
    Warning (13035): Inserted always-enabled tri-state buffer between "LCD_DATA[1]" and its non-tri-state driver.
    Warning (13035): Inserted always-enabled tri-state buffer between "LCD_DATA[2]" and its non-tri-state driver.
    Warning (13035): Inserted always-enabled tri-state buffer between "LCD_DATA[3]" and its non-tri-state driver.
    Warning (13035): Inserted always-enabled tri-state buffer between "LCD_DATA[4]" and its non-tri-state driver.
    Warning (13035): Inserted always-enabled tri-state buffer between "LCD_DATA[5]" and its non-tri-state driver.
    Warning (13035): Inserted always-enabled tri-state buffer between "LCD_DATA[6]" and its non-tri-state driver.
    Warning (13035): Inserted always-enabled tri-state buffer between "LCD_DATA[7]" and its non-tri-state driver.
Warning (13009): TRI or OPNDRN buffers permanently enabled
    Warning (13010): Node "LCD_DATA[0]~synth"
    Warning (13010): Node "LCD_DATA[1]~synth"
    Warning (13010): Node "LCD_DATA[2]~synth"
    Warning (13010): Node "LCD_DATA[3]~synth"
    Warning (13010): Node "LCD_DATA[4]~synth"
    Warning (13010): Node "LCD_DATA[5]~synth"
    Warning (13010): Node "LCD_DATA[6]~synth"
    Warning (13010): Node "LCD_DATA[7]~synth"
Warning (13024): Output pins are stuck at VCC or GND
    Warning (13410): Pin "LCD_ON" is stuck at VCC
    Warning (13410): Pin "LCD_BLON" is stuck at VCC
    Warning (13410): Pin "LCD_RW" is stuck at GND
Info (17049): 8 registers lost all their fanouts during netlist optimizations.
Info (16010): Generating hard_block partition "hard_block:auto_generated_inst"
    Info (16011): Adding 0 node(s), including 0 DDIO, 0 PLL, 0 transceiver and 0 LCELL
Warning (21074): Design contains 21 input pin(s) that do not drive logic
    Warning (15610): No output dependent on input pin "KEY[1]"
    Warning (15610): No output dependent on input pin "KEY[2]"
    Warning (15610): No output dependent on input pin "KEY[3]"
    Warning (15610): No output dependent on input pin "SW[0]"
    Warning (15610): No output dependent on input pin "SW[1]"
    Warning (15610): No output dependent on input pin "SW[2]"
    Warning (15610): No output dependent on input pin "SW[3]"
    Warning (15610): No output dependent on input pin "SW[4]"
    Warning (15610): No output dependent on input pin "SW[5]"
    Warning (15610): No output dependent on input pin "SW[6]"
    Warning (15610): No output dependent on input pin "SW[7]"
    Warning (15610): No output dependent on input pin "SW[8]"
    Warning (15610): No output dependent on input pin "SW[9]"
    Warning (15610): No output dependent on input pin "SW[10]"
    Warning (15610): No output dependent on input pin "SW[11]"
    Warning (15610): No output dependent on input pin "SW[12]"
    Warning (15610): No output dependent on input pin "SW[13]"
    Warning (15610): No output dependent on input pin "SW[14]"
    Warning (15610): No output dependent on input pin "SW[15]"
    Warning (15610): No output dependent on input pin "SW[16]"
    Warning (15610): No output dependent on input pin "SW[17]"
Info (21057): Implemented 315 device resources after synthesis - the final resource count might be different
    Info (21058): Implemented 23 input pins
    Info (21059): Implemented 88 output pins
    Info (21060): Implemented 8 bidirectional pins
    Info (21061): Implemented 196 logic cells
Info: Quartus II 64-Bit Analysis & Synthesis was successful. 0 errors, 49 warnings
    Info: Peak virtual memory: 4601 megabytes
    Info: Processing ended: Fri Jan 06 23:31:33 2023
    Info: Elapsed time: 00:00:02
    Info: Total CPU time (on all processors): 00:00:01


