
**** Build of configuration Nios II for project DE2_SD_Card_Audio ****

make all 
Info: Building ../DE2_SD_Card_Audio_bsp/
make --no-print-directory -C ../DE2_SD_Card_Audio_bsp/
[BSP build complete]
Info: Compiling main.c to obj/default/main.o
nios2-elf-gcc -xc -MP -MMD -c -I../DE2_SD_Card_Audio_bsp//HAL/inc -I../DE2_SD_Card_Audio_bsp/ -I../DE2_SD_Card_Audio_bsp//drivers/inc  -DSYSTEM_BUS_WIDTH=32 -pipe -D__hal__ -DALT_NO_INSTRUCTION_EMULATION -DSMALL_C_LIB -DALT_SINGLE_THREADED -DALTERA_AVALON_JTAG_UART_SMALL    -O0 -g -Wall   -EL -mno-hw-div -mhw-mul -mno-hw-mulx  -o obj/default/main.o main.c
main.c: In function 'build_wave_play_list':
main.c:274: warning: pointer targets in assignment differ in signedness
main.c:320: warning: pointer targets in passing argument 1 of 'Wave_GetSampleRate' differ in signedness
main.c:321: warning: pointer targets in passing argument 1 of 'WAVE_IsWaveFile' differ in signedness
main.c:323: warning: pointer targets in passing argument 1 of 'Wave_GetChannelNum' differ in signedness
main.c:324: warning: pointer targets in passing argument 1 of 'Wave_GetSampleBitNum' differ in signedness
main.c: In function 'waveplay_start':
main.c:370: warning: pointer targets in passing argument 1 of 'Wave_GetSampleRate' differ in signedness
main.c:371: warning: pointer targets in passing argument 1 of 'WAVE_IsWaveFile' differ in signedness
main.c:373: warning: pointer targets in passing argument 1 of 'Wave_GetChannelNum' differ in signedness
main.c:374: warning: pointer targets in passing argument 1 of 'Wave_GetSampleBitNum' differ in signedness
main.c:376: warning: pointer targets in passing argument 1 of 'Wave_GetWaveOffset' differ in signedness
main.c:377: warning: pointer targets in passing argument 1 of 'Wave_GetDataByteSize' differ in signedness
main.c: In function 'Fat_Test':
main.c:682: warning: pointer targets in assignment differ in signedness
main.c: In function 'main':
main.c:747: warning: implicit declaration of function 'LCD_Test'
main.c:791: warning: pointer targets in passing argument 1 of 'strcpy' differ in signedness
main.c:793: warning: pointer targets in passing argument 1 of 'waveplay_start' differ in signedness
main.c: At top level:
main.c:103: warning: 'nMute_Volume' defined but not used
main.c:125: warning: 'bPlaySwitch' defined but not used
Info: Linking DE2_SD_Card_Audio.elf
nios2-elf-g++  -T'../DE2_SD_Card_Audio_bsp//linker.x' -msys-crt0='../DE2_SD_Card_Audio_bsp//obj/HAL/src/crt0.o' -msys-lib=hal_bsp -L../DE2_SD_Card_Audio_bsp/  -msmallc  -Wl,-Map=DE2_SD_Card_Audio.map   -O0 -g -Wall   -EL -mno-hw-div -mhw-mul -mno-hw-mulx  -o DE2_SD_Card_Audio.elf obj/default/AUDIO.o obj/default/FatFileSystem.o obj/default/FatInternal.o obj/default/I2C.o obj/default/LCD.o obj/default/LED.o obj/default/SEG7.o obj/default/WaveLib.o obj/default/crc16.o obj/default/crc7.o obj/default/debug.o obj/default/main.o obj/default/sd_hal.o obj/default/sd_lib.o obj/default/sd_protocol.o -lm 
nios2-elf-insert DE2_SD_Card_Audio.elf --thread_model hal --cpu_name cpu_0 --qsys true --simulation_enabled false --stderr_dev jtag_uart_0 --stdin_dev jtag_uart_0 --stdout_dev jtag_uart_0 --sopc_system_name system_0 --quartus_project_dir "D:/SVN/DE2/DE2/test/Qsys_Q11_1/on_chip/DE2_SD_Card_Audio" --jdi D:/SVN/DE2/DE2/test/Qsys_Q11_1/on_chip/DE2_SD_Card_Audio/DE2_SD_Card_Audio.jdi
Info: (DE2_SD_Card_Audio.elf) 84 KBytes program size (code + initialized data).
Info:                         8104 KBytes free for stack + heap.
Info: Creating DE2_SD_Card_Audio.objdump
nios2-elf-objdump --disassemble --syms --all-header --source DE2_SD_Card_Audio.elf >DE2_SD_Card_Audio.objdump
[DE2_SD_Card_Audio build complete]
